2025-07-12 13:55:12,486 [INFO] 🤖 KuzyMusicBot запущен
2025-07-12 13:55:13,038 [INFO] 🤖 KuzyMusicBot запущен
2025-07-12 13:55:13,540 [INFO] 🤖 KuzyMusicBot запущен
2025-07-12 13:55:14,338 [INFO] 🤖 KuzyMusicBot запущен
2025-07-12 13:55:15,052 [INFO] 🤖 KuzyMusicBot запущен
2025-07-12 14:00:49,449 - __main__ - INFO - 🚀 KuzyMusicBot запускается...
2025-07-12 14:00:49,507 - __main__ - INFO - 🤖 KuzyMusicBot запущен в 2025-07-12 14:00
2025-07-12 14:00:49,791 - httpx - INFO - HTTP Request: POST https://api.telegram.org/bot8015583608:AAEmXDSCZ-nIi_98mGFobeTlBPtifbIKeBE/sendMessage "HTTP/1.1 200 OK"
2025-07-12 14:00:49,794 - __main__ - ERROR - Ошибка запуска event loop: Cannot close a running event loop
2025-07-12 14:00:50,526 - __main__ - INFO - 🚀 KuzyMusicBot запускается...
2025-07-12 14:00:50,584 - __main__ - INFO - 🤖 KuzyMusicBot запущен в 2025-07-12 14:00
2025-07-12 14:00:50,834 - httpx - INFO - HTTP Request: POST https://api.telegram.org/bot8015583608:AAEmXDSCZ-nIi_98mGFobeTlBPtifbIKeBE/sendMessage "HTTP/1.1 200 OK"
2025-07-12 14:00:50,838 - __main__ - ERROR - Ошибка запуска event loop: Cannot close a running event loop
2025-07-12 14:00:51,541 - __main__ - INFO - 🚀 KuzyMusicBot запускается...
2025-07-12 14:00:51,599 - __main__ - INFO - 🤖 KuzyMusicBot запущен в 2025-07-12 14:00
2025-07-12 14:00:51,761 - httpx - INFO - HTTP Request: POST https://api.telegram.org/bot8015583608:AAEmXDSCZ-nIi_98mGFobeTlBPtifbIKeBE/sendMessage "HTTP/1.1 200 OK"
2025-07-12 14:00:51,764 - __main__ - ERROR - Ошибка запуска event loop: Cannot close a running event loop
2025-07-12 14:00:52,233 - __main__ - INFO - 🚀 KuzyMusicBot запускается...
2025-07-12 14:00:52,285 - __main__ - INFO - 🤖 KuzyMusicBot запущен в 2025-07-12 14:00
2025-07-12 14:00:52,446 - httpx - INFO - HTTP Request: POST https://api.telegram.org/bot8015583608:AAEmXDSCZ-nIi_98mGFobeTlBPtifbIKeBE/sendMessage "HTTP/1.1 200 OK"
2025-07-12 14:00:52,449 - __main__ - ERROR - Ошибка запуска event loop: Cannot close a running event loop
2025-07-12 14:00:52,977 - __main__ - INFO - 🚀 KuzyMusicBot запускается...
2025-07-12 14:00:53,026 - __main__ - INFO - 🤖 KuzyMusicBot запущен в 2025-07-12 14:00
2025-07-12 14:00:53,193 - httpx - INFO - HTTP Request: POST https://api.telegram.org/bot8015583608:AAEmXDSCZ-nIi_98mGFobeTlBPtifbIKeBE/sendMessage "HTTP/1.1 200 OK"
2025-07-12 14:00:53,196 - __main__ - ERROR - Ошибка запуска event loop: Cannot close a running event loop
2025-07-12 14:03:27,560 - __main__ - INFO - 🚀 KuzyMusicBot запускается...
2025-07-12 14:03:27,758 - httpx - INFO - HTTP Request: POST https://api.telegram.org/bot8015583608:AAEmXDSCZ-nIi_98mGFobeTlBPtifbIKeBE/getMe "HTTP/1.1 200 OK"
2025-07-12 14:03:27,760 - __main__ - INFO - 🤖 KuzyMusicBot запущен в 2025-07-12 14:03
2025-07-12 14:03:27,855 - httpx - INFO - HTTP Request: POST https://api.telegram.org/bot8015583608:AAEmXDSCZ-nIi_98mGFobeTlBPtifbIKeBE/sendMessage "HTTP/1.1 200 OK"
2025-07-12 14:03:27,901 - httpx - INFO - HTTP Request: POST https://api.telegram.org/bot8015583608:AAEmXDSCZ-nIi_98mGFobeTlBPtifbIKeBE/deleteWebhook "HTTP/1.1 200 OK"
2025-07-12 14:03:27,905 - telegram.ext.Application - INFO - Application started
2025-07-12 14:03:28,040 - httpx - INFO - HTTP Request: POST https://api.telegram.org/bot8015583608:AAEmXDSCZ-nIi_98mGFobeTlBPtifbIKeBE/getUpdates "HTTP/1.1 200 OK"
2025-07-12 14:03:28,043 - __main__ - INFO - /start от 114419850 (ivan_kuzy)
2025-07-12 14:03:28,112 - httpx - INFO - HTTP Request: POST https://api.telegram.org/bot8015583608:AAEmXDSCZ-nIi_98mGFobeTlBPtifbIKeBE/sendMessage "HTTP/1.1 200 OK"
2025-07-12 14:03:38,088 - httpx - INFO - HTTP Request: POST https://api.telegram.org/bot8015583608:AAEmXDSCZ-nIi_98mGFobeTlBPtifbIKeBE/getUpdates "HTTP/1.1 200 OK"
2025-07-12 14:03:47,762 - httpx - INFO - HTTP Request: POST https://api.telegram.org/bot8015583608:AAEmXDSCZ-nIi_98mGFobeTlBPtifbIKeBE/getUpdates "HTTP/1.1 200 OK"
2025-07-12 14:03:47,765 - __main__ - INFO - /start от 114419850 (ivan_kuzy)
2025-07-12 14:03:48,006 - httpx - INFO - HTTP Request: POST https://api.telegram.org/bot8015583608:AAEmXDSCZ-nIi_98mGFobeTlBPtifbIKeBE/sendMessage "HTTP/1.1 200 OK"
2025-07-12 14:03:57,808 - httpx - INFO - HTTP Request: POST https://api.telegram.org/bot8015583608:AAEmXDSCZ-nIi_98mGFobeTlBPtifbIKeBE/getUpdates "HTTP/1.1 200 OK"
2025-07-12 14:04:07,854 - httpx - INFO - HTTP Request: POST https://api.telegram.org/bot8015583608:AAEmXDSCZ-nIi_98mGFobeTlBPtifbIKeBE/getUpdates "HTTP/1.1 200 OK"
2025-07-12 14:04:13,774 - httpx - INFO - HTTP Request: POST https://api.telegram.org/bot8015583608:AAEmXDSCZ-nIi_98mGFobeTlBPtifbIKeBE/getUpdates "HTTP/1.1 200 OK"
2025-07-12 14:04:23,818 - httpx - INFO - HTTP Request: POST https://api.telegram.org/bot8015583608:AAEmXDSCZ-nIi_98mGFobeTlBPtifbIKeBE/getUpdates "HTTP/1.1 200 OK"
2025-07-12 14:04:33,863 - httpx - INFO - HTTP Request: POST https://api.telegram.org/bot8015583608:AAEmXDSCZ-nIi_98mGFobeTlBPtifbIKeBE/getUpdates "HTTP/1.1 200 OK"
2025-07-12 14:04:43,917 - httpx - INFO - HTTP Request: POST https://api.telegram.org/bot8015583608:AAEmXDSCZ-nIi_98mGFobeTlBPtifbIKeBE/getUpdates "HTTP/1.1 200 OK"
2025-07-12 14:04:53,963 - httpx - INFO - HTTP Request: POST https://api.telegram.org/bot8015583608:AAEmXDSCZ-nIi_98mGFobeTlBPtifbIKeBE/getUpdates "HTTP/1.1 200 OK"
2025-07-12 14:05:04,011 - httpx - INFO - HTTP Request: POST https://api.telegram.org/bot8015583608:AAEmXDSCZ-nIi_98mGFobeTlBPtifbIKeBE/getUpdates "HTTP/1.1 200 OK"
2025-07-12 14:05:14,059 - httpx - INFO - HTTP Request: POST https://api.telegram.org/bot8015583608:AAEmXDSCZ-nIi_98mGFobeTlBPtifbIKeBE/getUpdates "HTTP/1.1 200 OK"
2025-07-12 14:05:24,104 - httpx - INFO - HTTP Request: POST https://api.telegram.org/bot8015583608:AAEmXDSCZ-nIi_98mGFobeTlBPtifbIKeBE/getUpdates "HTTP/1.1 200 OK"
2025-07-12 14:05:34,149 - httpx - INFO - HTTP Request: POST https://api.telegram.org/bot8015583608:AAEmXDSCZ-nIi_98mGFobeTlBPtifbIKeBE/getUpdates "HTTP/1.1 200 OK"
2025-07-12 14:05:44,195 - httpx - INFO - HTTP Request: POST https://api.telegram.org/bot8015583608:AAEmXDSCZ-nIi_98mGFobeTlBPtifbIKeBE/getUpdates "HTTP/1.1 200 OK"
2025-07-12 14:05:54,242 - httpx - INFO - HTTP Request: POST https://api.telegram.org/bot8015583608:AAEmXDSCZ-nIi_98mGFobeTlBPtifbIKeBE/getUpdates "HTTP/1.1 200 OK"
2025-07-12 14:06:04,289 - httpx - INFO - HTTP Request: POST https://api.telegram.org/bot8015583608:AAEmXDSCZ-nIi_98mGFobeTlBPtifbIKeBE/getUpdates "HTTP/1.1 200 OK"
2025-07-12 14:06:14,579 - httpx - INFO - HTTP Request: POST https://api.telegram.org/bot8015583608:AAEmXDSCZ-nIi_98mGFobeTlBPtifbIKeBE/getUpdates "HTTP/1.1 200 OK"
2025-07-12 14:06:24,627 - httpx - INFO - HTTP Request: POST https://api.telegram.org/bot8015583608:AAEmXDSCZ-nIi_98mGFobeTlBPtifbIKeBE/getUpdates "HTTP/1.1 200 OK"
2025-07-12 14:06:34,673 - httpx - INFO - HTTP Request: POST https://api.telegram.org/bot8015583608:AAEmXDSCZ-nIi_98mGFobeTlBPtifbIKeBE/getUpdates "HTTP/1.1 200 OK"
2025-07-12 14:06:44,719 - httpx - INFO - HTTP Request: POST https://api.telegram.org/bot8015583608:AAEmXDSCZ-nIi_98mGFobeTlBPtifbIKeBE/getUpdates "HTTP/1.1 200 OK"
2025-07-12 14:06:54,769 - httpx - INFO - HTTP Request: POST https://api.telegram.org/bot8015583608:AAEmXDSCZ-nIi_98mGFobeTlBPtifbIKeBE/getUpdates "HTTP/1.1 200 OK"
2025-07-12 14:07:04,814 - httpx - INFO - HTTP Request: POST https://api.telegram.org/bot8015583608:AAEmXDSCZ-nIi_98mGFobeTlBPtifbIKeBE/getUpdates "HTTP/1.1 200 OK"
2025-07-12 14:07:14,860 - httpx - INFO - HTTP Request: POST https://api.telegram.org/bot8015583608:AAEmXDSCZ-nIi_98mGFobeTlBPtifbIKeBE/getUpdates "HTTP/1.1 200 OK"
2025-07-12 14:07:24,907 - httpx - INFO - HTTP Request: POST https://api.telegram.org/bot8015583608:AAEmXDSCZ-nIi_98mGFobeTlBPtifbIKeBE/getUpdates "HTTP/1.1 200 OK"
2025-07-12 14:07:34,958 - httpx - INFO - HTTP Request: POST https://api.telegram.org/bot8015583608:AAEmXDSCZ-nIi_98mGFobeTlBPtifbIKeBE/getUpdates "HTTP/1.1 200 OK"
2025-07-12 14:07:45,005 - httpx - INFO - HTTP Request: POST https://api.telegram.org/bot8015583608:AAEmXDSCZ-nIi_98mGFobeTlBPtifbIKeBE/getUpdates "HTTP/1.1 200 OK"
2025-07-12 14:07:55,050 - httpx - INFO - HTTP Request: POST https://api.telegram.org/bot8015583608:AAEmXDSCZ-nIi_98mGFobeTlBPtifbIKeBE/getUpdates "HTTP/1.1 200 OK"
2025-07-12 14:08:05,098 - httpx - INFO - HTTP Request: POST https://api.telegram.org/bot8015583608:AAEmXDSCZ-nIi_98mGFobeTlBPtifbIKeBE/getUpdates "HTTP/1.1 200 OK"
2025-07-12 14:08:15,143 - httpx - INFO - HTTP Request: POST https://api.telegram.org/bot8015583608:AAEmXDSCZ-nIi_98mGFobeTlBPtifbIKeBE/getUpdates "HTTP/1.1 200 OK"
2025-07-12 14:08:25,188 - httpx - INFO - HTTP Request: POST https://api.telegram.org/bot8015583608:AAEmXDSCZ-nIi_98mGFobeTlBPtifbIKeBE/getUpdates "HTTP/1.1 200 OK"
2025-07-12 14:08:35,235 - httpx - INFO - HTTP Request: POST https://api.telegram.org/bot8015583608:AAEmXDSCZ-nIi_98mGFobeTlBPtifbIKeBE/getUpdates "HTTP/1.1 200 OK"
2025-07-12 14:08:45,285 - httpx - INFO - HTTP Request: POST https://api.telegram.org/bot8015583608:AAEmXDSCZ-nIi_98mGFobeTlBPtifbIKeBE/getUpdates "HTTP/1.1 200 OK"
2025-07-12 14:08:55,330 - httpx - INFO - HTTP Request: POST https://api.telegram.org/bot8015583608:AAEmXDSCZ-nIi_98mGFobeTlBPtifbIKeBE/getUpdates "HTTP/1.1 200 OK"
2025-07-12 14:09:05,378 - httpx - INFO - HTTP Request: POST https://api.telegram.org/bot8015583608:AAEmXDSCZ-nIi_98mGFobeTlBPtifbIKeBE/getUpdates "HTTP/1.1 200 OK"
2025-07-12 14:09:15,436 - httpx - INFO - HTTP Request: POST https://api.telegram.org/bot8015583608:AAEmXDSCZ-nIi_98mGFobeTlBPtifbIKeBE/getUpdates "HTTP/1.1 200 OK"
2025-07-12 14:09:25,483 - httpx - INFO - HTTP Request: POST https://api.telegram.org/bot8015583608:AAEmXDSCZ-nIi_98mGFobeTlBPtifbIKeBE/getUpdates "HTTP/1.1 200 OK"
2025-07-12 14:09:35,537 - httpx - INFO - HTTP Request: POST https://api.telegram.org/bot8015583608:AAEmXDSCZ-nIi_98mGFobeTlBPtifbIKeBE/getUpdates "HTTP/1.1 200 OK"
2025-07-12 14:09:45,583 - httpx - INFO - HTTP Request: POST https://api.telegram.org/bot8015583608:AAEmXDSCZ-nIi_98mGFobeTlBPtifbIKeBE/getUpdates "HTTP/1.1 200 OK"
2025-07-12 14:09:55,630 - httpx - INFO - HTTP Request: POST https://api.telegram.org/bot8015583608:AAEmXDSCZ-nIi_98mGFobeTlBPtifbIKeBE/getUpdates "HTTP/1.1 200 OK"
2025-07-12 14:10:05,673 - httpx - INFO - HTTP Request: POST https://api.telegram.org/bot8015583608:AAEmXDSCZ-nIi_98mGFobeTlBPtifbIKeBE/getUpdates "HTTP/1.1 200 OK"
